   Compiling serde_derive v1.0.228
   Compiling zerocopy-derive v0.8.48
   Compiling thiserror-impl v1.0.69
   Compiling thiserror-impl v2.0.18
   Compiling tokio-macros v2.7.0
   Compiling futures-macro v0.3.32
   Compiling tracing-attributes v0.1.31
   Compiling prodash v28.0.0
   Compiling ahash v0.8.12
   Compiling crossbeam-channel v0.5.15
   Compiling sha1_smol v1.0.1
   Compiling hashbrown v0.17.0
   Compiling futures-util v0.3.32
   Compiling indexmap v2.14.0
   Compiling thiserror v1.0.69
   Compiling rand_core v0.6.4
   Compiling thiserror v2.0.18
   Compiling zerocopy v0.8.48
   Compiling gix-hash v0.14.2
   Compiling tracing v0.1.44
   Compiling synstructure v0.13.2
   Compiling tower-service v0.3.3
   Compiling httparse v1.10.1
   Compiling percent-encoding v2.3.2
   Compiling ring v0.17.14
   Compiling zerovec-derive v0.11.3
   Compiling generic-array v0.14.7
   Compiling serde v1.0.228
   Compiling zerofrom-derive v0.1.7
   Compiling bytes v1.11.1
   Compiling yoke-derive v0.8.2
   Compiling httpdate v1.0.3
   Compiling tokio v1.52.2
   Compiling gix-features v0.38.2
   Compiling try-lock v0.2.5
   Compiling want v0.3.1
   Compiling gix-validate v0.10.1
   Compiling displaydoc v0.2.5
   Compiling zerofrom v0.1.7
   Compiling typenum v1.20.0
   Compiling yoke v0.8.2
   Compiling hashbrown v0.14.5
   Compiling zerovec v0.11.6
   Compiling jiff v0.2.24
   Compiling gix-path v0.10.22
   Compiling winnow v0.6.26
   Compiling untrusted v0.9.0
   Compiling subtle v2.6.1
   Compiling tinystr v0.8.3
   Compiling gix-validate v0.9.4
   Compiling rustversion v1.0.22
   Compiling writeable v0.6.3
   Compiling getrandom v0.4.2
   Compiling litemap v0.8.2
   Compiling potential_utf v0.1.5
   Compiling icu_locale_core v2.2.0
   Compiling zerotrie v0.2.4
   Compiling memmap2 v0.9.10
   Compiling icu_normalizer_data v2.2.0
   Compiling utf8_iter v1.0.4
   Compiling icu_properties_data v2.2.0
   Compiling icu_collections v2.2.0
   Compiling icu_provider v2.2.0
   Compiling crypto-common v0.1.7
   Compiling http v0.2.12
   Compiling icu_normalizer v2.2.0
   Compiling icu_properties v2.2.0
   Compiling form_urlencoded v1.2.2
   Compiling gix-date v0.9.4
   Compiling gix-chunk v0.4.12
   Compiling tokio-util v0.7.18
   Compiling gix-actor v0.32.0
   Compiling num-traits v0.2.19
   Compiling zeroize_derive v1.4.3
   Compiling gix-object v0.44.0
   Compiling either v1.15.0
   Compiling anyhow v1.0.102
   Compiling signal-hook v0.3.18
   Compiling zmij v1.0.21
   Compiling zeroize v1.8.2
   Compiling idna_adapter v1.2.2
   Compiling http-body v0.4.6
   Compiling gix-hashtable v0.5.2
   Compiling http v1.4.0
   Compiling serde_json v1.0.149
   Compiling rustix v1.1.4
   Compiling tower-layer v0.3.3
   Compiling vcpkg v0.2.15
   Compiling idna v1.1.0
   Compiling rustls-pki-types v1.14.1
   Compiling openssl-sys v0.9.115
   Compiling gix-fs v0.11.3
   Compiling ppv-lite86 v0.2.21
   Compiling linux-raw-sys v0.12.1
   Compiling mime v0.3.17
   Compiling rand_chacha v0.3.1
   Compiling url v2.5.8
   Compiling h2 v0.3.27
   Compiling gix-commitgraph v0.24.3
warning: openssl-sys@0.9.115: Could not find directory of OpenSSL installation, and this `-sys` crate cannot proceed without this knowledge. If OpenSSL is installed and this crate had trouble finding it,  you can set the `OPENSSL_DIR` environment variable for the compilation process. See stderr section below for further information.
error: failed to run custom build command for `openssl-sys v0.9.115`

Caused by:
  process didn't exit successfully: `/mnt/d/Coder/coder/target/release/build/openssl-sys-481272b59312e70b/build-script-main` (exit status: 101)
  --- stdout
  cargo:rustc-check-cfg=cfg(osslconf, values("OPENSSL_NO_OCB", "OPENSSL_NO_SM4", "OPENSSL_NO_SEED", "OPENSSL_NO_CHACHA", "OPENSSL_NO_CAST", "OPENSSL_NO_IDEA", "OPENSSL_NO_CAMELLIA", "OPENSSL_NO_RC4", "OPENSSL_NO_BF", "OPENSSL_NO_PSK", "OPENSSL_NO_DEPRECATED_3_0", "OPENSSL_NO_SCRYPT", "OPENSSL_NO_SM3", "OPENSSL_NO_RMD160", "OPENSSL_NO_EC2M", "OPENSSL_NO_OCSP", "OPENSSL_NO_CMS", "OPENSSL_NO_COMP", "OPENSSL_NO_SOCK", "OPENSSL_NO_STDIO", "OPENSSL_NO_EC", "OPENSSL_NO_SSL3_METHOD", "OPENSSL_NO_KRB5", "OPENSSL_NO_TLSEXT", "OPENSSL_NO_SRP", "OPENSSL_NO_SRTP", "OPENSSL_NO_RFC3779", "OPENSSL_NO_SHA", "OPENSSL_NO_NEXTPROTONEG", "OPENSSL_NO_ENGINE", "OPENSSL_NO_BUF_FREELISTS", "OPENSSL_NO_RC2"))
  cargo:rustc-check-cfg=cfg(openssl)
  cargo:rustc-check-cfg=cfg(libressl)
  cargo:rustc-check-cfg=cfg(boringssl)
  cargo:rustc-check-cfg=cfg(awslc)
  cargo:rustc-check-cfg=cfg(awslc_pregenerated)
  cargo:rustc-check-cfg=cfg(libressl250)
  cargo:rustc-check-cfg=cfg(libressl251)
  cargo:rustc-check-cfg=cfg(libressl252)
  cargo:rustc-check-cfg=cfg(libressl261)
  cargo:rustc-check-cfg=cfg(libressl270)
  cargo:rustc-check-cfg=cfg(libressl271)
  cargo:rustc-check-cfg=cfg(libressl273)
  cargo:rustc-check-cfg=cfg(libressl280)
  cargo:rustc-check-cfg=cfg(libressl281)
  cargo:rustc-check-cfg=cfg(libressl291)
  cargo:rustc-check-cfg=cfg(libressl310)
  cargo:rustc-check-cfg=cfg(libressl321)
  cargo:rustc-check-cfg=cfg(libressl332)
  cargo:rustc-check-cfg=cfg(libressl340)
  cargo:rustc-check-cfg=cfg(libressl350)
  cargo:rustc-check-cfg=cfg(libressl360)
  cargo:rustc-check-cfg=cfg(libressl361)
  cargo:rustc-check-cfg=cfg(libressl370)
  cargo:rustc-check-cfg=cfg(libressl380)
  cargo:rustc-check-cfg=cfg(libressl381)
  cargo:rustc-check-cfg=cfg(libressl382)
  cargo:rustc-check-cfg=cfg(libressl390)
  cargo:rustc-check-cfg=cfg(libressl400)
  cargo:rustc-check-cfg=cfg(libressl410)
  cargo:rustc-check-cfg=cfg(libressl420)
  cargo:rustc-check-cfg=cfg(libressl430)
  cargo:rustc-check-cfg=cfg(ossl101)
  cargo:rustc-check-cfg=cfg(ossl102)
  cargo:rustc-check-cfg=cfg(ossl102f)
  cargo:rustc-check-cfg=cfg(ossl102h)
  cargo:rustc-check-cfg=cfg(ossl110)
  cargo:rustc-check-cfg=cfg(ossl110f)
  cargo:rustc-check-cfg=cfg(ossl110g)
  cargo:rustc-check-cfg=cfg(ossl110h)
  cargo:rustc-check-cfg=cfg(ossl111)
  cargo:rustc-check-cfg=cfg(ossl111b)
  cargo:rustc-check-cfg=cfg(ossl111c)
  cargo:rustc-check-cfg=cfg(ossl111d)
  cargo:rustc-check-cfg=cfg(ossl300)
  cargo:rustc-check-cfg=cfg(ossl310)
  cargo:rustc-check-cfg=cfg(ossl320)
  cargo:rustc-check-cfg=cfg(ossl330)
  cargo:rustc-check-cfg=cfg(ossl340)
  cargo:rustc-check-cfg=cfg(ossl400)
  cargo:rerun-if-env-changed=X86_64_UNKNOWN_LINUX_GNU_OPENSSL_LIB_DIR
  X86_64_UNKNOWN_LINUX_GNU_OPENSSL_LIB_DIR unset
  cargo:rerun-if-env-changed=OPENSSL_LIB_DIR
  OPENSSL_LIB_DIR unset
  cargo:rerun-if-env-changed=X86_64_UNKNOWN_LINUX_GNU_OPENSSL_INCLUDE_DIR
  X86_64_UNKNOWN_LINUX_GNU_OPENSSL_INCLUDE_DIR unset
  cargo:rerun-if-env-changed=OPENSSL_INCLUDE_DIR
  OPENSSL_INCLUDE_DIR unset
  cargo:rerun-if-env-changed=X86_64_UNKNOWN_LINUX_GNU_OPENSSL_DIR
  X86_64_UNKNOWN_LINUX_GNU_OPENSSL_DIR unset
  cargo:rerun-if-env-changed=OPENSSL_DIR
  OPENSSL_DIR unset
  cargo:rerun-if-env-changed=OPENSSL_NO_PKG_CONFIG
  cargo:rerun-if-env-changed=PKG_CONFIG_x86_64-unknown-linux-gnu
  cargo:rerun-if-env-changed=PKG_CONFIG_x86_64_unknown_linux_gnu
  cargo:rerun-if-env-changed=HOST_PKG_CONFIG
  cargo:rerun-if-env-changed=PKG_CONFIG
  cargo:rerun-if-env-changed=OPENSSL_STATIC
  cargo:rerun-if-env-changed=OPENSSL_DYNAMIC
  cargo:rerun-if-env-changed=PKG_CONFIG_ALL_STATIC
  cargo:rerun-if-env-changed=PKG_CONFIG_ALL_DYNAMIC
  cargo:rerun-if-env-changed=PKG_CONFIG_PATH_x86_64-unknown-linux-gnu
  cargo:rerun-if-env-changed=PKG_CONFIG_PATH_x86_64_unknown_linux_gnu
  cargo:rerun-if-env-changed=HOST_PKG_CONFIG_PATH
  cargo:rerun-if-env-changed=PKG_CONFIG_PATH
  cargo:rerun-if-env-changed=PKG_CONFIG_LIBDIR_x86_64-unknown-linux-gnu
  cargo:rerun-if-env-changed=PKG_CONFIG_LIBDIR_x86_64_unknown_linux_gnu
  cargo:rerun-if-env-changed=HOST_PKG_CONFIG_LIBDIR
  cargo:rerun-if-env-changed=PKG_CONFIG_LIBDIR
  cargo:rerun-if-env-changed=PKG_CONFIG_SYSROOT_DIR_x86_64-unknown-linux-gnu
  cargo:rerun-if-env-changed=PKG_CONFIG_SYSROOT_DIR_x86_64_unknown_linux_gnu
  cargo:rerun-if-env-changed=HOST_PKG_CONFIG_SYSROOT_DIR
  cargo:rerun-if-env-changed=PKG_CONFIG_SYSROOT_DIR


  Could not find openssl via pkg-config:

  pkg-config exited with status code 1
  > PKG_CONFIG_ALLOW_SYSTEM_CFLAGS=1 pkg-config --libs --cflags openssl

  pkg-config output:
    Package openssl was not found in the pkg-config search path.
    Perhaps you should add the directory containing `openssl.pc'
    to the PKG_CONFIG_PATH environment variable
    Package 'openssl' not found

  The system library `openssl` required by crate `openssl-sys` was not found.
  The file `openssl.pc` needs to be installed and the PKG_CONFIG_PATH environment variable must contain its parent directory.
  The PKG_CONFIG_PATH environment variable is not set.

  HINT: if you have installed the library, try setting PKG_CONFIG_PATH to the directory containing `openssl.pc`.


  cargo:warning=Could not find directory of OpenSSL installation, and this `-sys` crate cannot proceed without this knowledge. If OpenSSL is installed and this crate had trouble finding it,  you can set the `OPENSSL_DIR` environment variable for the compilation process. See stderr section below for further information.

  --- stderr


  Could not find directory of OpenSSL installation, and this `-sys` crate cannot
  proceed without this knowledge. If OpenSSL is installed and this crate had
  trouble finding it,  you can set the `OPENSSL_DIR` environment variable for the
  compilation process.

  Make sure you also have the development packages of openssl installed.
  For example, `libssl-dev` on Ubuntu or `openssl-devel` on Fedora.

  If you're in a situation where you think the directory *should* be found
  automatically, please open a bug at https://github.com/rust-openssl/rust-openssl
  and include information about your system as well as this message.

  $HOST = x86_64-unknown-linux-gnu
  $TARGET = x86_64-unknown-linux-gnu
  openssl-sys = 0.9.115


warning: build failed, waiting for other jobs to finish...
