   Compiling quote v1.0.45
   Compiling serde_core v1.0.228
   Compiling cc v1.2.61
   Compiling aho-corasick v1.1.4
   Compiling thiserror v2.0.18
   Compiling crossbeam-utils v0.8.21
   Compiling mio v1.2.0
   Compiling simd-adler32 v0.3.9
   Compiling syn v2.0.117
   Compiling equivalent v1.0.2
   Compiling regex-automata v0.4.14
   Compiling adler2 v2.0.1
   Compiling crc32fast v1.5.0
   Compiling miniz_oxide v0.8.9
   Compiling socket2 v0.6.3
   Compiling futures-sink v0.3.32
   Compiling fnv v1.0.7
   Compiling slab v0.4.12
   Compiling tinyvec_macros v0.1.1
   Compiling tinyvec v1.11.0
   Compiling futures-channel v0.3.32
   Compiling allocator-api2 v0.2.21
   Compiling fastrand v2.4.1
   Compiling bstr v1.12.1
   Compiling flate2 v1.1.9
   Compiling gix-trace v0.1.19
   Compiling unicode-normalization v0.1.25
   Compiling tracing-core v0.1.36
   Compiling futures-task v0.3.32
   Compiling futures-io v0.3.32
   Compiling gix-utils v0.1.14
   Compiling pkg-config v0.3.33
   Compiling faster-hex v0.9.0
   Compiling same-file v1.0.6
   Compiling ahash v0.8.12
   Compiling stable_deref_trait v1.2.1
   Compiling walkdir v2.5.0
   Compiling bytesize v1.3.3
   Compiling autocfg v1.5.0
   Compiling human_format v1.2.1
   Compiling serde_derive v1.0.228
   Compiling zerocopy-derive v0.8.48
   Compiling thiserror-impl v1.0.69
   Compiling thiserror-impl v2.0.18
   Compiling tokio-macros v2.7.0
   Compiling futures-macro v0.3.32
   Compiling tracing-attributes v0.1.31
   Compiling prodash v28.0.0
   Compiling crossbeam-channel v0.5.15
   Compiling futures-util v0.3.32
   Compiling hashbrown v0.17.0
   Compiling sha1_smol v1.0.1
   Compiling zerocopy v0.8.48
   Compiling thiserror v1.0.69
   Compiling tracing v0.1.44
   Compiling serde v1.0.228
   Compiling indexmap v2.14.0
   Compiling gix-hash v0.14.2
   Compiling rand_core v0.6.4
   Compiling synstructure v0.13.2
   Compiling bytes v1.11.1
   Compiling tower-service v0.3.3
   Compiling httparse v1.10.1
   Compiling percent-encoding v2.3.2
   Compiling tokio v1.52.2
   Compiling gix-features v0.38.2
   Compiling ring v0.17.14
   Compiling zerovec-derive v0.11.3
   Compiling zerofrom-derive v0.1.7
   Compiling yoke-derive v0.8.2
   Compiling hashbrown v0.14.5
   Compiling generic-array v0.14.7
   Compiling httpdate v1.0.3
   Compiling try-lock v0.2.5
   Compiling want v0.3.1
   Compiling gix-validate v0.10.1
   Compiling tokio-util v0.7.18
   Compiling displaydoc v0.2.5
   Compiling typenum v1.20.0
   Compiling jiff v0.2.24
   Compiling zerofrom v0.1.7
   Compiling yoke v0.8.2
   Compiling zerovec v0.11.6
   Compiling gix-path v0.10.22
   Compiling winnow v0.6.26
   Compiling untrusted v0.9.0
   Compiling subtle v2.6.1
   Compiling gix-validate v0.9.4
   Compiling getrandom v0.4.2
   Compiling rustversion v1.0.22
   Compiling gix-date v0.9.4
   Compiling gix-actor v0.32.0
   Compiling litemap v0.8.2
   Compiling tinystr v0.8.3
   Compiling writeable v0.6.3
   Compiling gix-object v0.44.0
   Compiling zerotrie v0.2.4
   Compiling potential_utf v0.1.5
   Compiling memmap2 v0.9.10
   Compiling icu_locale_core v2.2.0
   Compiling icu_normalizer_data v2.2.0
   Compiling icu_properties_data v2.2.0
   Compiling utf8_iter v1.0.4
   Compiling icu_collections v2.2.0
   Compiling icu_provider v2.2.0
   Compiling crypto-common v0.1.7
   Compiling http v0.2.12
   Compiling icu_properties v2.2.0
   Compiling icu_normalizer v2.2.0
   Compiling form_urlencoded v1.2.2
   Compiling gix-chunk v0.4.12
   Compiling num-traits v0.2.19
   Compiling zeroize_derive v1.4.3
   Compiling signal-hook v0.3.18
   Compiling anyhow v1.0.102
   Compiling zmij v1.0.21
   Compiling either v1.15.0
   Compiling idna_adapter v1.2.2
   Compiling http-body v0.4.6
   Compiling gix-hashtable v0.5.2
   Compiling zeroize v1.8.2
   Compiling http v1.4.0
   Compiling vcpkg v0.2.15
   Compiling rustix v1.1.4
   Compiling tower-layer v0.3.3
   Compiling serde_json v1.0.149
   Compiling rustls-pki-types v1.14.1
   Compiling idna v1.1.0
   Compiling openssl-sys v0.9.115
   Compiling ppv-lite86 v0.2.21
   Compiling gix-fs v0.11.3
   Compiling linux-raw-sys v0.12.1
   Compiling mime v0.3.17
   Compiling url v2.5.8
   Compiling rand_chacha v0.3.1
error: failed to run custom build command for `openssl-sys v0.9.115`

Caused by:
  process didn't exit successfully: `/mnt/d/Coder/coder/target/release/build/openssl-sys-481272b59312e70b/build-script-main` (exit status: 101)
  --- stdout
  cargo:rustc-check-cfg=cfg(osslconf, values("OPENSSL_NO_OCB", "OPENSSL_NO_SM4", "OPENSSL_NO_SEED", "OPENSSL_NO_CHACHA", "OPENSSL_NO_CAST", "OPENSSL_NO_IDEA", "OPENSSL_NO_CAMELLIA", "OPENSSL_NO_RC4", "OPENSSL_NO_BF", "OPENSSL_NO_PSK", "OPENSSL_NO_DEPRECATED_3_0", "OPENSSL_NO_SCRYPT", "OPENSSL_NO_SM3", "OPENSSL_NO_RMD160", "OPENSSL_NO_EC2M", "OPENSSL_NO_OCSP", "OPENSSL_NO_CMS", "OPENSSL_NO_COMP", "OPENSSL_NO_SOCK", "OPENSSL_NO_STDIO", "OPENSSL_NO_EC", "OPENSSL_NO_SSL3_METHOD", "OPENSSL_NO_KRB5", "OPENSSL_NO_TLSEXT", "OPENSSL_NO_SRP", "OPENSSL_NO_SRTP", "OPENSSL_NO_RFC3779", "OPENSSL_NO_SHA", "OPENSSL_NO_NEXTPROTONEG", "OPENSSL_NO_ENGINE", "OPENSSL_NO_BUF_FREELISTS", "OPENSSL_NO_RC2"))
  cargo:rustc-check-cfg=cfg(openssl)
  cargo:rustc-check-cfg=cfg(libressl)
  cargo:rustc-check-cfg=cfg(boringssl)
  cargo:rustc-check-cfg=cfg(awslc)
  cargo:rustc-check-cfg=cfg(awslc_pregenerated)
  cargo:rustc-check-cfg=cfg(libressl250)
  cargo:rustc-check-cfg=cfg(libressl251)
  cargo:rustc-check-cfg=cfg(libressl252)
  cargo:rustc-check-cfg=cfg(libressl261)
  cargo:rustc-check-cfg=cfg(libressl270)
  cargo:rustc-check-cfg=cfg(libressl271)
  cargo:rustc-check-cfg=cfg(libressl273)
  cargo:rustc-check-cfg=cfg(libressl280)
  cargo:rustc-check-cfg=cfg(libressl281)
  cargo:rustc-check-cfg=cfg(libressl291)
  cargo:rustc-check-cfg=cfg(libressl310)
  cargo:rustc-check-cfg=cfg(libressl321)
  cargo:rustc-check-cfg=cfg(libressl332)
  cargo:rustc-check-cfg=cfg(libressl340)
  cargo:rustc-check-cfg=cfg(libressl350)
  cargo:rustc-check-cfg=cfg(libressl360)
  cargo:rustc-check-cfg=cfg(libressl361)
  cargo:rustc-check-cfg=cfg(libressl370)
  cargo:rustc-check-cfg=cfg(libressl380)
  cargo:rustc-check-cfg=cfg(libressl381)
  cargo:rustc-check-cfg=cfg(libressl382)
  cargo:rustc-check-cfg=cfg(libressl390)
  cargo:rustc-check-cfg=cfg(libressl400)
  cargo:rustc-check-cfg=cfg(libressl410)
  cargo:rustc-check-cfg=cfg(libressl420)
  cargo:rustc-check-cfg=cfg(libressl430)
  cargo:rustc-check-cfg=cfg(ossl101)
  cargo:rustc-check-cfg=cfg(ossl102)
  cargo:rustc-check-cfg=cfg(ossl102f)
  cargo:rustc-check-cfg=cfg(ossl102h)
  cargo:rustc-check-cfg=cfg(ossl110)
  cargo:rustc-check-cfg=cfg(ossl110f)
  cargo:rustc-check-cfg=cfg(ossl110g)
  cargo:rustc-check-cfg=cfg(ossl110h)
  cargo:rustc-check-cfg=cfg(ossl111)
  cargo:rustc-check-cfg=cfg(ossl111b)
  cargo:rustc-check-cfg=cfg(ossl111c)
  cargo:rustc-check-cfg=cfg(ossl111d)
  cargo:rustc-check-cfg=cfg(ossl300)
  cargo:rustc-check-cfg=cfg(ossl310)
  cargo:rustc-check-cfg=cfg(ossl320)
  cargo:rustc-check-cfg=cfg(ossl330)
  cargo:rustc-check-cfg=cfg(ossl340)
  cargo:rustc-check-cfg=cfg(ossl400)
  cargo:rerun-if-env-changed=X86_64_UNKNOWN_LINUX_GNU_OPENSSL_LIB_DIR
  X86_64_UNKNOWN_LINUX_GNU_OPENSSL_LIB_DIR unset
  cargo:rerun-if-env-changed=OPENSSL_LIB_DIR
  OPENSSL_LIB_DIR = /usr/lib/x86_64-linux-gnu
  cargo:rerun-if-env-changed=X86_64_UNKNOWN_LINUX_GNU_OPENSSL_INCLUDE_DIR
  X86_64_UNKNOWN_LINUX_GNU_OPENSSL_INCLUDE_DIR unset
  cargo:rerun-if-env-changed=OPENSSL_INCLUDE_DIR
  OPENSSL_INCLUDE_DIR = /usr/include/openssl

  --- stderr

  thread 'main' (3218) panicked at /home/hzt/.cargo/registry/src/index.crates.io-1949cf8c6b5b557f/openssl-sys-0.9.115/build/main.rs:205:9:
  OpenSSL include directory does not exist: /usr/include/openssl
  note: run with `RUST_BACKTRACE=1` environment variable to display a backtrace
warning: build failed, waiting for other jobs to finish...
